[    0.000000] Linux vrsion.15.0-23-generic (buildd@lw0-am64-05) (gcc rsion 7.30 (Ubuntu 7.3.0-16ubuntu3)) #25-Ubuntu SMP Wed May 23 18:02:16 UTC 2018 (Ubuntu 4.15.0-23.25-generic 4.15.18)
[    0.000000] Command line: BOOT_IMAGE=/boot/vmlinuz-4.15.0-23-generic root=UUID=72a6731c-d503-41ba-bfd8-3282598e36d7 ro console=tty1 console=ttyS0
[    0.000000] KERNEL supported cpus:
[    0.000000]   Intel GenuineIntel
[    0.000000]   AMD AuthenticAMD
[    0.000000]   Centaur CentaurHauls
[    0.000000] x86/fpu: Supporting XSAVE feature 0x001: 'x87 floating point registers'
[    0.000000] x86/fpu: Supporting XSAVE feature 0x002: 'SSE registers'
[    0.000000] x86/fpu: Supporting XSAVE feature 0x004: 'AVX registers'
[    0.000000] x86/fpu: xstate_offset[2]:  576, xstate_sizes[2]:  256
[    0.000000] x86/fpu: Enabled xstate features 0x7, context size is 832 bytes, using 'standard' format.
[    0.000000] e820: BIOS-provided physical RAM map:
[    0.000000] BIOS-e820: [mem 0x0000000000000000-0x000000000009fbff] usable
[    0.000000] BIOS-e820: [mem 0x000000000009fc00-0x000000000009ffff] reserved
[    0.000000] BIOS-e820: [mem 0x00000000000f0000-0x00000000000fffff] reserved
[[    0.000000] BIOS-e820: [mem 0x0000000000100000-0x000000005ffeffff] usable
[    0.000000] BIOS-e820: [mem 0x000000005fff0000-0x000000005fffffff] ACPI data
[    0.000000] BIOS-e820: [mem 0x00000000fec00000-0x00000000fec00fff] reserved
[    0.000000] BIOS-e820: [mem 0x00000000fee00000-0x00000000fee00fff] reserved
[    0.000000] BIOS-e820: [mem 0x00000000fffc0000-0x00000000ffffffff] reserved
[    0.000000] NX (Execute Disable) protection: active
[    0.000000] random: fast init done
[    0.000000] SMBIOS 2.5 present.
[    0.000000] DMI: innotek GmbH VirtualBox/VirtualBox, BIOS VirtualBox 12/01/2006
[    0.000000] Hypervisor detected: KVM
[    0.000000] e820: last_pfn = 0x5fff0 max_arch_pfn = 0x400000000
[    0.000000] MTRR: Disabled
[    0.000000] x86/PAT: MTRRs disabled, skipping PAT initialization too.
[    0.000000] PU MTRRs all blank - virtualized system.
[    0.000000] x86/PAT: Configuration [0-7]: WB  WT  UC- UC  WB  WT  UC- UC  
[    0.000000] found SMP MP-table at [mem 0x0009fff0-0x0009ffff] mapped at [        (ptrval)]
[    0.000000] Scanning 1 areas for low memory corruption
[    0.000000] RAMDISK: [mem 0x35aed000-0x36d6dfff]
[    0.000000] ACPI: Early table checksum verification disabled
[    0.000000] ACPI: RSDP 0x00000000000E0000 000024 (v02 VBOX  )
[    0.000000] ACPI: XSDT 0x000000005FFF0030 00003C (v01 VBOX   VBOXXSDT 00000001 ASL  00000061)
[    0.000000] ACPI: FACP 0x000000005FFF00F0 0000F4 (v04 VBOX   VBOXFACP 00000001 ASL  00000061)
[    0.000000] ACPI: DSDT 0x000000005FFF0470 0021FF (v02 VBOX   VBOXBIOS 00000002 INTL 20100528)
[    0.000000] ACPI: FACS 0x000000005FFF0200 000040
[    0.000000] ACPI: FACS 0x00000005FFF00 000040
[    0.000000] ACPI: APIC 0x000000005FFF0240 00005C (v02 VBOX   VBOXAPIC 00000001 ASL  00000061)
[    0.000000] ACPI: SSDT 0x000000005FFF02A0 0001CC (v01 VBOX   VBOXCPUT 00000002 INTL 20100528)
[    0.000000] No NUMA configuration found
[    0.000000] Faking a node at [mem 0x000000000000000-0x000000005ffefff]
[  0.0000] NODE_DATA(0) alcated mem 0x5ffc5000-0x5ffeffff]
[    0.000000] kvm-clock: cpu 0, msr 0:5ff44001, primary cpu clo
[    0.0000] kvm-clock: Using msrs 464d01 d 4b564d00
[    0.0000] kvm-clock: uin scheoffset of 6266551878 cycles
[    0.000000] clocksource: kvm-clock: mask: 0xffffffffffffffff max_cycles: 0x1cd42e4dffb, max_idle_ns: 881590591483 ns
[    0.000000] Zone ranges:
[    0.000000]   DMA      [mem 0x0000000000001000-0x0000000000ffffff]
[    0.000000]   DMA32  [mem 0x0000000001000000-0x000000005ffeffff]
[    0.000000]   Normal   empty
[    0.000000]   Device   empty
[    0.000000] Movable zone start f each nod
[    0.000000] Early memory nod range
[    0.00000]  nod  0: [mem 0x000000000001000-0x000000000009efff]
[    0.000000]   nod   0: em 0x0000000000100000-0x000000005ffeffff]
[    0.000000] Initmem setup node 0 [mem 0x0000000000001000-0x000000005ffeffff]
[    0.00000] Reserved but unavailable: 98 pages
[    0.000000] ACPI: PM-Timer IO Port: 0x4008
[    0.000000] IOAPIC[0]: apic_id 2, version 32, address 0xfec00000, GSI 0-23
[    0.000000] ACPI: INT_SRC_OVR (bus 0 bus_irq 0 global_irq 2 dfl dfl)
[    0.0000] ACPI: INT_SRC_OVR (bus 0 bus_irq 9 global_irq 9 low level)
[    0.0000] Using ACPI (MADT) for SMP configuration information
[    0.000000] smpboot: Allowing 2 Cs, 0 hotpg CPU
    0.0000] P: Registered nosave memory: [mem 0x00000000-0x00000fff]
[    0.00000] PM: Registered nosave memory: [mem 0x0009f00-0x00ffff]
[    0.000000] PM: Registered nosave memory: [mem 0x000a0000-0x000effff]
[   0.00000] PM: Registered nosave memory: [mem  0x000f0000-0x000fffff]
[    0.000000] e820: [mem 0x60000000-0xfebfffff] available for PCI devices
[    0.000000] Booting paravirtualized kernel on KVM
[    0.000000] clocksource: refined-iffies: mask: 0xffffffff max_cycles: 0xffffffff,max_idle_ns: 7551960211568 s
[  0.000000] setup_percpu: NR_PU:8192 nr_puask_bits:2 nr_cpu_ids:2 nr_node_ids:1
   0.000000] pcpu: Embedded 46 pages/cpu @        (ptal) s1552 r8192 d28672 u1048576
[  0.000000] PV qspinlock hash tabe ntries:56 (order: 0, 4096 bytes)
[   .000000] Bil 1 znelists, mobility grouping on.  Total pages: 386937
[    0.000000] Policy zone: DMA32
[    0.000000] Kernel command line:OOT_IGE=/boot/vmlinuz-4.5.0-23-generic root=UUID=72a6731c-d503-41ba-bfd8-3282598e36d7 ro console=tty1 console=ttyS0
[    0.000000] Memory: 1499732K/1572408K available (12300K kernel code, 2470K rwdata, 4240K rodata, 2408K init, 2416K bss, 72676K reserved, 0K cma-reserved)
[    0.000000] SLUB: HWalign=64, Order=0-3, MinObjects=0, CPUs=2, Nodes=1
[    0.000000] Kernel/User page tables isolation: enabled
[    0.00000]ftrace: allocating 39083 entries in 153 pages
[    0.004000] Hierarchical RCU plementation.
[    0.004000] 	RCU restricting CPUs from NR_CPUS=8192 to nr_cpu_ids=2.
[    0.004000] 	Tasks RCU enabled.
[    0.004000] RCU: Adjusting geometry for rcu_fanout_leaf=16, nr_cpu_ids=2
[    0.004000] NR_IRQS: 524544, nr_irqs: 440, preallocated irqs: 16
[    0.004000] Console: colour VGA+ 80x25
[    0.004000] console [tty1] enabled
[    0.004000] console [ttyS0] enabled
[    0.004000] API: Core revision 201708
[    0.004000] ACPI: 2 ACPI AML tables successful acquir and loed
[    0.004000] APIC: Switch to symmetric I/O mode setup
[    0.006052] x2apic enabled
[    0.008008] Switched APIC routing to physical x2apic.
[    0.013035] ..TIMER: vector=0x30 apic1=0 pin1=2 apic2=-1 pin2=-1
[    0.016003] tsc: Detected 3095.998 MHz processor
[    0.017161] Calibrating delay loop (skipped) preset value.. 6191.99 BogoMIPS (lpj=12383992)
[    0.020003] pid_max: default: 32768 minimum: 301
[    0.021229] Security Framework initialized
[    0.022267] Yama: becoming mindful.
[    0.024023] AppArmor: AppArmor initialized
[    0.028332] Dentry cache hash table entries: 262144 (order: 9, 2097152 bytes)
[    0.032143] Inode-cache hash table entries: 131072 (order: 8, 1048576 bytes)
[    0.033868] Mount-cache hash table entries: 4096 (order: 3, 32768 bytes)
[    0.036011] Mountpoint-cache hash table entries: 4096 (order: 3, 32768 bytes)
[    0.040193] CPU: Physical Processor ID: 0
[    0.044007] CPU: Processor Core ID: 0
[    0.048024] mce: CPU supports 0 MCE banks
[    0.052029] Last level iTLB entries: 4KB 64, 2MB 8, 4MB 8
[    0.056008] Last level dTLB entries: 4KB 64, 2MB 0, 4MB 0, 1GB 4
[    0.057833] Spectre V2 : Mitigation: Full generic retpoline
[    0.060006] Spectre V2 : Spectre v2 mitigation: Filling RSB on context switch
[    0.064025] Speculative Store Bypass: Vulnerable
[    0.068229] Freeing SMP alternatives memory: 36K
[    0.076000] smpboot: CPU0: Intel(R) Core(TM) i5-7267U CPU @ 3.10GHz (family: 0x6, model: 0x8e, stepping: 0x9)
[    0.076131] Performance Events: unsupported p6 CPU model 142 no PMU driver, software events only.
[    0.080053] Hierarchical SRCU implementation.
[    0.088141] NMI watchdog: Perf event create on CPU 0 failed with -2
[    0.092011] NMI watchdog: Perf NMI watchdog permanently disabled
[    0.096078] smp: Bringing up secondary CPUs ...
[    0.100207] x86: Booting SMP configuration:
[    0.104009] .... node  #0, CPUs:      #1
[    0.004000] kvm-clock: cpu 1, msr 0:5ff44041, secondary cpu clock
[    0.004000] mce: CPU supports 0 MCE banks
[    0.154880] smp: Brought up 1 node, 2 CPUs
[    0.156009] smpboot: Max logical packages: 1
[    0.160007] smpboot: Total of 2 processors activated (12383.99 BogoMIPS)
[    0.164207] devtmpfs: initialized
[    0.165113] x86/mm: Memory block size: 128MB
[    0.168424] evm: security.selinux
[    0.170248] evm: security.SMACK64
[    0.172015] evm: security.SMACK64EXEC
[    0.176011] evm: security.SMACK64TRANSMUTE
[    0.180008] evm: security.SMACK64MMAP
[    0.184005] evm: security.apparmor
[    0.185192] evm: security.ima
[    0.188006] evm: security.capability
[    0.192376] clocksource: jiffies: mask: 0xffffffff max_cycles: 0xffffffff, max_idle_ns: 7645041785100000 ns
[    0.196026] futex hash table entries: 512 (order: 3, 32768 bytes)
[    0.200310] pinctrl core: initialized pinctrl subsystem
[    0.204131] RTC time: 12:50:33, date: 07/10/18
[    0.208160] NET: Registered protocol family 16
[    0.212069] audit: initializing netlink subsys (disabled)
[    0.216048] audit: type=2000 audit(1531227035.902:1): state=initialized audit_enabled=0 res=1
[    0.284010] cpuidle: using governor ladder
[    0.288012] cpuidle: using governor menu
[    0.292065] ACPI: bus type PCI registered
[    0.296003] acpiphp: ACPI Hot Plug PCI Controller Driver version: 0.5
[    0.297677] PCI: Using configuration type 1 for base access
[    0.300932] HugeTLB registered 2.00 MiB page size, pre-allocated 0 pages
[    0.304077] ACPI: Added _OSI(Module Device)
[    0.308005] ACPI: Added _OSI(Processor Device)
[    0.312007] ACPI: Added _OSI(3.0 _SCP Extensions)
[    0.316006] ACPI: Added _OSI(Processor Aggregator Device)
[    0.324269] ACPI: Executed 1 blocks of module-level executable AML code
[    0.330977] ACPI: Interpreter enabled
[    0.332028] ACPI: (supports S0 S5)
[    0.336005] ACPI: Using IOAPIC for interrupt routing
[    0.340241] PCI: Using host bridge windows from ACPI; if necessary, use "pci=nocrs" and report a bug
[    0.344226] ACPI: Enabled 2 GPEs in block 00 to 07
[    0.355126] ACPI: PCI Root Bridge [PCI0] (domain 0000 [bus 00-ff])
[    0.356017] acpi PNP0A03:00: _OSC: OS supports [ASPM ClockPM Segments MSI]
[    0.360042] acpi PNP0A03:00: _OSC: not requesting OS control; OS requires [ExtendedConfig ASPM ClockPM MSI]
[    0.364032] acpi PNP0A03:00: fail to add MMCONFIG information, can't access extended PCI configuration space under this bridge.
[    0.372190] PCI host bridge to bus 0000:00
[    0.376011] pci_bus 0000:00: root bus resource [io  0x0000-0x0cf7 window]
[    0.377914] pci_bus 0000:00: root bus resource [io  0x0d00-0xffff window]
[    0.380010] pci_bus 0000:00: root bus resource [mem 0x000a0000-0x000bffff window]
[    0.384010] pci_bus 0000:00: root bus resource [mem 0x60000000-0xfdffffff window]
[    0.385847] pci_bus 0000:00: root bus resource [bus 00-ff]
[    0.390570] pci 0000:00:01.1: legacy IDE quirk: reg 0x10: [io  0x01f0-0x01f7]
[    0.392009] pci 0000:00:01.1: legacy IDE quirk: reg 0x14: [io  0x03f6]
[    0.396010] pci 0000:00:01.1: legacy IDE quirk: reg 0x18: [io  0x0170-0x0177]
[    0.400005] pci 0000:00:01.1: legacy IDE quirk: reg 0x1c: [io  0x0376]
[    0.431969] pci 0000:00:07.0: quirk: [io  0x4000-0x403f] claimed by PIIX4 ACPI
[    0.432026] pci 0000:00:07.0: quirk: [io  0x4100-0x410f] claimed by PIIX4 SMB
[    0.450621] ACPI: PCI Interrupt Link [LNKA] (IRQs 5 9 10 *11)
[    0.452319] ACPI: PCI Interrupt Link [LNKB] (IRQs 5 9 *10 11)
[    0.456157] ACPI: PCI Interrupt Link [LNKC] (IRQs 5 *9 10 11)
[    0.460154] ACPI: PCI Interrupt Link [LNKD] (IRQs 5 9 10 *11)
[    0.468235] SCSI subsystem initialized
[    0.476033] pci 0000:00:02.0: vgaarb: setting as boot VGA device
[    0.480000] pci 0000:00:02.0: vgaarb: VGA device added: decodes=io+mem,owns=io+mem,locks=none
[    0.480011] pci 0000:00:02.0: vgaarb: bridge control possible
[    0.484008] vgaarb: loaded
[    0.488063] ACPI: bus type USB registered
[    0.489212] usbcore: registered new interface driver usbfs
[    0.492036] usbcore: registered new interface driver hub
[    0.493331] usbcore: registered new device driver usb
[    0.494775] EDAC MC: Ver: 3.0.0
[    0.496104] PCI: Using ACPI for IRQ routing
[    0.497430] NetLabel: Initializing
[    0.500007] NetLabel:  domain hash size = 128
[    0.501143] NetLabel:  protocols = UNLABELED CIPSOv4 CALIPSO
[    0.504028] NetLabel:  unlabeled traffic allowed by default
[    0.512361] clocksource: Switched to clocksource kvm-clock
[    0.540444] VFS: Disk quotas dquot_6.6.0
[    0.541530] VFS: Dquot-cache hash table entries: 512 (order 0, 4096 bytes)
[    0.543830] AppArmr:ppmor Flesystemnaed
[  0970]npPnACPI init
[  108445] pnp: PnP ACPI: found 3 devices

[    1.212026] clcksource acpi_pm: mask: 0xffffff max_cles: 0xffffff, max_idle_ns: 2085701024 ns
[  1.6227] NET: Registered protocol family 2

[    1.424897] TCP established hash table entries: 16384 (order: 5, 131072 bytes)
[    1.432289] TCP bind hash table entries: 16384 (order: 6, 262144 bytes)
[    1.436003] TCP: Hash tables configured (established 16384 bind 16384)
[    1.437722] UDP hash table entries: 1024 (order: 3, 3768 tes)
[    1.514815] UDP-Lite hash table entries: 1024 (order: 3, 32768 bytes)
[    1.516524] NET: Registered protocol family 1
[    1.517748] pci 0000:00:00.0: Limiting direct PCI/PCI transfers
[    1.519444] pci 0000:00:01.0: Activating ISA DMA hang workarounds
[    1.521049] pci 0000:00:02.0: Video device with shadowed ROM at [mem 0x000c0000-0x000dffff]
[    1.523416] Unpacking initramfs...

[    1.944595] Freeing initrd memory: 18948K
[    1.980826] platform rtc_cmos: registered platform RTC device (no PNP device found)
[    2.025149] Scanning for low memory corruption every 60 seconds
[    2.034109] Initialise system trusted keyrings
[    2.035318] Key type blacklist registered
[    2.036720] workingset: timestamp_bits=36 max_order=19 bucket_order=0
[    2.057482] zbud: loaded
[    2.065829] squashfs: version 4.0 (2009/01/31) Phillip Lougher
[    2.096564] fuse init (API version 7.26)
[    2.102701] Key type asymmetric registered
[    2.142120] Asymmetric key parser 'x509' registered
[    2.156707] Block layer SCSI generic (bsg) driver version 0.4 loaded (major 246)
[    2.158762] io scheduler noop registered
[    2.159826] io scheduler deadline registered
[    2.161173] io scheduler cfq registered (default)
[    2.175394] ACPI: AC Adapter [AC] (on-line)
[    2.216572] input: Power Button as /devices/LNXSYSTM:00/LNXPWRBN:00/input/input0
[    2.252380] ACPI: Power Button [PWRF]
[    2.267560] input: Sleep Button as /devices/LNXSYSTM:00/LNXSLPBN:00/input/input1
[    2.291749] ACPI: Sleep Button [SLPF]
[    2.310519] ACPI: Battery Slot [BAT0] (battery present)
[    2.312039] Serial: 8250/16550 driver, 32 ports, IRQ sharing enabled
[    2.338173] 00:02: ttyS0 at I/O 0x3f8 (irq = 4, base_baud = 115200) is a 16550A
[    2.455939] Linux agpgart interface v0.103
[    2.464178] loop: module loaded
[    2.489326] scsi host0: ata_piix
[    2.514885] scsi host1: ata_piix
[    2.539392] ata1: PATA max UDMA/33 cmd 0x1f0 ctl 0x3f6 bmdma 0xd000 irq 14
[    2.584833] ata2: PATA max UDMA/33 cmd 0x170 ctl 0x376 bmdma 0xd008 irq 15
[    2.617274] libphy: Fixed MDIO Bus: probed
[    2.639305] tun: Universal TUN/TAP device driver, 1.6
[    2.642049] PPP generic driver version 2.4.2
[    2.658095] ehci_hcd: USB 2.0 'Enhanced' Host Controller (EHCI) Driver
[    2.661330] ehci-pci: EHCI PCI platform driver
[    2.691630] ehci-platform: EHCI generic platform driver
[    2.700986] ohci_hcd: USB 1.1 'Open' Host Controller (OHCI) Driver
[    2.725508] ohci-pci: OHCI PCI platform driver
[    2.733523] ohci-platform: OHCI generic platform driver
[    2.742471] uhci_hcd: USB Universal Host Controller Interface driver
[    2.767634] i8042: PNP: PS/2 Controller [PNP0303:PS2K,PNP0f03:PS2M] at 0x60,0x64 irq 1,12
[    2.779256] serio: i8042 KBD port at 0x60,0x64 irq 1
[    2.807953] serio: i8042 AUX port at 0x60,0x64 irq 12
[    2.809857] mousedev: PS/2 mouse device common for all mice
[    2.827159] input: AT Translated Set 2 keyboard as /devices/platform/i8042/serio0/input/input2
[    2.859020] rtc_cmos rtc_cmos: rtc core: registered rtc_cmos as rtc0
[    2.890967] rtc_cmos rtc_cmos: alarms up to one day, 114 bytes nvram
[    2.903539] i2c /dev entries driver
[    2.904798] device-mapper: uevent: version 1.0.3
[    2.909674] device-mapper: ioctl: 4.37.0-ioctl (2017-09-20) initialised: dm-devel@redhat.com
[    2.981430] ledtrig-cpu: registered to indicate activity on CPUs
[    3.004085] tsc: Refined TSC clocksource calibration: 3096.958 MHz
[    3.004093] clocksource: tsc: mask: 0xffffffffffffffff max_cycles: 0x2ca40e0ca3a, max_idle_ns: 440795253192 ns
[    3.010308] NET: Registered protocol family 10
[    3.053831] Segment Routing with IPv6
[    3.060671] NET: Registered protocol family 17
[    3.098033] Key type dns_resolver registered
[    3.099826] RAS: Correctable Errors collector initialized.
[    3.101399] sched_clock: Marking stable (3101344587, 0)->(9118380692, -6017036105)
[    3.133973] registered taskstats version 1
[    3.140988] Loading compiled-in X.509 certificates
[    3.190230] Loaded X.509 cert 'Build time autogenerated kernel key: d77482c25b833df502ed38a87c5d7f330fdff3cb'
[    3.233760] zswap: loaded using pool lzo/zbud
[    3.238245] Key type big_key registered
[    3.260563] Key type trusted registered
[    3.285668] Key type encrypted registered
[    3.312538] AppArmor: AppArmor sha1 policy hashing enabled
[    3.349878] ima: No TPM chip found, activating TPM-bypass! (rc=-19)
[    3.363053] evm: HMAC attrs: 0x1
[    3.364570]   Magic number: 10:815:834
[    3.365798] rtc_cmos rtc_cmos: setting system clock to 2018-07-10 12:50:37 UTC (1531227037)
[    3.373637] BIOS EDD facility v0.16 2004-Jun-25, 0 devices found
[    3.375138] EDD information not available.
[    3.378921] Freeing unused kernel memory: 2408K
[    3.400122] Write protecting the kernel read-only data: 20480k
[    3.402849] Freeing unused kernel memory: 2008K
[    3.409583] Freeing unused kernel memory: 1904K
[    3.421375] x86/mm: Checked W+X mappings: passed, no W+X pages found.
[    3.423598] x86/mm: Checking user space page tables
[    3.431909] x86/mm: Checked W+X mappings: passed, no W+X pages found.
Loading, please wait...
starting version 237
[    3.831278] e1000: Intel(R) PRO/1000 Network Driver - version 7.3.21-k8-NAPI
[    3.833524] e1000: Copyright (c) 1999-2006 Intel Corporation.
[    3.835269] Fusion MPT base driver 3.04.20
[    3.836471] Copyright (c) 1999-2008 LSI Corporation
[    3.849245] Fusion MPT SPI Host driver 3.04.20
[    3.884718] AVX2 version of gcm_enc/dec engaged.
[    3.888285] AES CTR mode by8 optimization enabled
[    4.045325] input: ImExPS/2 Generic Explorer Mouse as /devices/platform/i8042/serio1/input/input4
[    4.317816] e1000 0000:00:03.0 eth0: (PCI:33MHz:32-bit) 02:0d:b6:bd:48:b1
[    4.342379] e1000 0000:00:03.0 eth0: Intel(R) PRO/1000 Network Connection
[    4.355289] mptbase: ioc0: Initiating bringup
[    4.489004] ioc0: LSI53C1030 A0: Capabilities={Initiator}
[    4.774670] scsi host2: ioc0: LSI53C1030 A0, FwRev=00000000h, Ports=1, MaxQ=256, IRQ=20
[    5.011743] scsi 2:0:0:0: Direct-Access     VBOX     HARDDISK         1.0  PQ: 0 ANSI: 5
[    5.371980] scsi target2:0:0: Beginning Domain Validation
[    5.394686] scsi target2:0:0: Domain Validation skipping write tests
[    5.396394] scsi target2:0:0: Ending Domain Validation
[    5.397505] scsi target2:0:0: asynchronous
[    5.399155] scsi 2:0:1:0: Direct-Access     VBOX     HARDDISK         1.0  PQ: 0 ANSI: 5
[    5.405888] e1000 0000:00:08.0 eth1: (PCI:33MHz:32-bit) 08:00:27:77:b9:02
[    5.407633] e1000 0000:00:08.0 eth1: Intel(R) PRO/1000 Network Connection
[    5.471695] e1000 0000:00:08.0 enp0s8: renamed from eth1
[    5.500234] scsi target2:0:1: Beginning Domain Validation
[    5.504405] e1000 0000:00:03.0 enp0s3: renamed from eth0
[    5.565712] scsi target2:0:1: Domain Validation skipping write tests
[    5.569461] scsi target2:0:1: Ending Domain Validation
[    5.570794] scsi target2:0:1: asynchronous
[    5.578168] sd 2:0:0:0: Attached scsi generic sg0 type 0
[    5.579761] sd 2:0:1:0: Attached scsi generic sg1 type 0
[    5.604063] sd 2:0:0:0: [sda] 20971520 512-byte logical blocks: (10.7 GB/10.0 GiB)
[    5.604318] sd 2:0:1:0: [sdb] 20480 512-byte logical blocks: (10.5 MB/10.0 MiB)
[    5.604460] sd 2:0:1:0: [sdb] Write Protect is off
[    5.604637] sd 2:0:1:0: [sdb] Incomplete mode parameter data
[    5.604638] sd 2:0:1:0: [sdb] Assuming drive cache: write through
[    5.607460] sd 2:0:1:0: [sdb] Attached SCSI disk
[    5.704121] sd 2:0:0:0: [sda] Write Protect is off
[    5.707217] sd 2:0:0:0: [sda] Incomplete mode parameter data
[    5.708765] sd 2:0:0:0: [sda] Assuming drive cache: write through
[    5.722919]  sda: sda1
[    5.725045] sd 2:0:0:0: [sda] Attached SCSI disk
Begin: Loading essential drivers ... [    7.184164] raid6: sse2x1   gen() 11231 MB/s
[    7.260564] raid6: sse2x1   xor()  8535 MB/s
[    7.356649] raid6: sse2x2   gen() 14424 MB/s
[    7.408329] raid6: sse2x2   xor()  9759 MB/s
[    7.509842] raid6: sse2x4   gen() 17407 MB/s
[    7.621642] raid6: sse2x4   xor() 10632 MB/s
[    7.709705] raid6: avx2x1   gen() 26513 MB/s
[    7.780265] raid6: avx2x1   xor() 16705 MB/s
[    7.881191] raid6: avx2x2   gen() 28069 MB/s
[    7.944067] raid6: avx2x2   xor() 13118 MB/s
[    7.992055] raid6: avx2x4   gen() 20745 MB/s
[    8.041324] raid6: avx2x4   xor() 20986 MB/s
[    8.067848] raid6: using algorithm avx2x2 gen() 28069 MB/s
[    8.155076] raid6: .... xor() 13118 MB/s, rmw enabled
[    8.209982] raid6: using avx2x2 recovery algorithm
[    8.273709] xor: automatically using best checksumming function   avx       
[    8.313803] async_tx: api initialized (async)
done.
Begin: Running /scripts/init-premount ... done.
Begin: Mounting root file system ... Begin: Running /scripts/local-top ... done.
Begin: Running /scripts/local-premount ... [    8.359749] Btrfs loaded, crc32c=crc32c-intel
Scanning for Btrfs filesystems
done.
Warning: fsck not present, so skipping root file system
[    8.431868] EXT4-fs (sda1): mounted filesystem with ordered data mode. Opts: (null)
done.
Begin: Running /scripts/local-bottom ... done.
Begin: Running /scripts/init-bottom ... done.
[    9.288182] ip_tables: (C) 2000-2006 Netfilter Core Team
[    9.400748] systemd[1]: systemd 237 running in system mode. (+PAM +AUDIT +SELINUX +IMA +APPARMOR +SMACK +SYSVINIT +UTMP +LIBCRYPTSETUP +GCRYPT +GNUTLS +ACL +XZ +LZ4 +SECCOMP +BLKID +ELFUTILS +KMOD -IDN2 +IDN -PCRE2 default-hierarchy=hybrid)
[    9.505411] systemd[1]: Detected virtualization oracle.
[    9.506740] systemd[1]: Detected architecture x86-64.

Welcome to [1mUbuntu 18.04 LTS[0m!

[    9.571422] systemd[1]: Set hostname to <tev-modern>.
[    9.972868] random: crng init done
[   10.275650] systemd[1]: Reached target Swap.
[[0;32m  OK  [0m] Reached target Swap.
[   10.277776] systemd[1]: Started Forward Password Requests to Wall Directory Watch.
[[0;32m  OK  [0m] Started Forward Password Requests to Wall Directory Watch.
[   10.312730] systemd[1]: Reached target System Time Synchronized.
[[0;32m  OK  [0m] Reached target System Time Synchronized.
[   10.362734] systemd[1]: Created slice System Slice.
[[0;32m  OK  [0m] Created slice System Slice.
[   10.393789] systemd[1]: Created slice system-serial\x2dgetty.slice.
[[0;32m  OK  [0m] Created slice system-serial\x2dgetty.slice.
[   10.397136] systemd[1]: Listening on /dev/initctl Compatibility Named Pipe.
[[0;32m  OK  [0m] Listening on /dev/initctl Compatibility Named Pipe.
[[0;32m  OK  [0m] Listening on Syslog Socket.
[[0;32m  OK  [0m] Listening on Device-mapper event daemon FIFOs.
[[0;32m  OK  [0m] Listening on Journal Socket (/dev/log).
[[0;32m  OK  [0m] Listening on RPCbind Server Activation Socket.
[[0;32m  OK  [0m] Listening on udev Kernel Socket.
[[0;32m  OK  [0m] Listening on LVM2 poll daemon socket.
[[0;32m  OK  [0m] Listening on Network Service Netlink Socket.
[[0;32m  OK  [0m] Reached target User and Group Name Lookups.
[[0;32m  OK  [0m] Listening on Journal Audit Socket.
[[0;32m  OK  [0m] Listening on Journal Socket.
         Mounting Huge Pages File System...
         Starting Set the console keyboard layout...
         Mounting Kernel Debug File System...
         Starting Create list of required st…ce nodes for the current kernel...
         Mounting RPC Pipe File System...
         Starting Remount Root and Kernel File Systems...
         Starting Uncomplicated firewall...
[[0;32m  OK  [0[   10.661890] RPC: Registered named UNIX socket transport module.
m] Set up automo[   10.673182] RPC: Registered udp transport module.
unt Arbitrary Executab…rmats F[   10.674491] RPC: Registered tcp transport module.
ile System Autom[   10.675885] RPC: Registered tcp NFSv4.1 backchannel transport module.
ount Point.
[[0;32m  OK  [0m] Listening on udev Control Socket.
         Starting udev Coldplug all Devices...
         Starting Journal Service...
[[0;32m  OK  [0m] Listening on LVM2 metadata daemon socket.
         Starting Monitoring of LVM2 mirrors…ng dmeventd or progress polling...
[   10.703025] EXT4-fs (sda1): re-mounted. Opts: (null)
         Starting Load Kernel Modules...
         Mounting POSIX Message Queue File System...
[   10.766941] Loading iSCSI transport class v2.0-870.
[[0;32m  OK  [0m] Created slice User and Session S[   10.825476] iscsi: registered transport (tcp)
lice.
[[0;32m  OK  [0m] Reached target Slices.
[   10.884438] iscsi: registered transport (iser)
[[0;32m  OK  [0m] Started Journal Service.
[[0;32m  OK  [0m] Mounted Huge Pages File System.
[[0;32m  OK  [0m] Started Set the console keyboard layout.
[[0;32m  OK  [0m] Mounted Kernel Debug File System.
[[0;32m  OK  [0m] Started Create list of required sta…vice nodes for the current kernel.
[[0;32m  OK  [0m] Mounted RPC Pipe File System.
[[0;32m  OK  [0m] Started Remount Root and Kernel File Systems.
[[0;32m  OK  [0m] Started Uncomplicated firewall.
[[0;32m  OK  [0m] Started Load Kernel Modules.
[[0;32m  OK  [0m] Mounted POSIX Message Queue File System.
[[0;32m  OK  [0m] Started LVM2 metadata daemon.
         Mounting Kernel Configuration File System...
         Mounting FUSE Control File System...
         Starting Apply Kernel Variables...
         Starting Initial cloud-init job (pre-networking)...
         Starting Load/Save Random Seed...
         Starting Create Static Device Nodes in /dev...
         Starting Flush Journal to Persistent Storage...
[[0;32m  OK  [0m] Started udev Coldplug all Devices.
[[0;32m  OK  [0m] Started Monitoring of LVM2 mirrors,…sing dmeventd or progress polling.
[[0;32m  OK  [0m] Mounted Kernel Configuration File System.
[[0;32m  OK  [0m] Mounted FUSE Control File System.
[[0;32m  OK  [0m] Started Apply Kernel Variables.
[[0;32m  OK  [0m] Started Load/Save Random Seed.
[[0;32m  OK  [0m] Started Create Static Device Nodes in /dev.
         Starting udev Kernel Device Manager...
[[0;32m  OK  [0m] Reached target Local File Systems (Pre).
[[0;32m  OK  [0m] Reached target Local File Systems.
         Starting Tell Plymouth To Write Out Runtime Data...
         Starting Set console font and keymap...
         Starting AppArmor initialization...
         Starting Preprocess NFS configuration...
         Starting ebtables ruleset management...
[[0;32m  OK  [0m] Started Tell Plymouth To Write Out Runtime Data.
[[0;32m  OK  [0m] Started Set console font and keymap.
[[0;32m  OK  [0m] Started Preprocess NFS configuration.
[[0;32m  OK  [0m] Reached target NFS client services.
[[0;32m  OK  [0m] Started udev Kernel Device Manager.
[[0;32m  OK  [0m] Started Dispatch Password Requests to Console Directory Watch.
[[0;32m  OK  [0m] Reached target Local Encrypted Volumes.
[[0;32m  OK  [0m] Started Flush Journal to Persistent Storage.
         Starting Create Volatile Files and Directories...
[[0;32m  OK  [0m] Started Create Volatile Files and Directories.
         Starting Update UTMP about System Boot/Shutdown...
         Starting RPC bind portmap service...
[[0;32m  OK  [0m] Started Update UTMP about System Boot/Shutdown.
[[0;32m  OK  [0m] Found device /dev/ttyS0.
[[0;32m  OK  [0m] Started ebtables ruleset management.
[[0;32m  OK  [0m] Started RPC bind portmap service.
[[0;32m  OK  [0m] Reached target RPC Port Mapper.
[[0;32m  OK  [0m] Listening on Load/Save RF Kill Switch Status /dev/rfkill Watch.
[[0;32m  OK  [0m] Started AppArmor initialization.
[   13.036459] cloud-init[415]: Cloud-init v. 18.2 running 'init-local' at Tue, 10 Jul 2018 12:50:46 +0000. Up 12.82 seconds.
[[0;32m  OK  [0m] Started Initial cloud-init job (pre-networking).
[[0;32m  OK  [0m] Reached target Network (Pre).
         Starting Network Service...
[[0;32m  OK  [0m] Started Network Service.
         Starting Network Name Resolution...
         Starting Wait for Network to be Configured...
[[0;32m  OK  [0m] Started Network Name Resolution.
[[0;32m  OK  [0m] Reached target Host and Network Name Lookups.
[[0;32m  OK  [0m] Reached target Network.
[[0;32m  OK  [0m] Started Wait for Network to be Configured.
         Starting Initial cloud-init job (metadata service crawler)...
[   15.487871] cloud-init[731]: Cloud-init v. 18.2 running 'init' at Tue, 10 Jul 2018 12:50:49 +0000. Up 15.03 seconds.
[   15.495544] cloud-init[731]: ci-info: ++++++++++++++++++++++++++++++++++++++Net device info+++++++++++++++++++++++++++++++++++++++
[   15.500687] cloud-init[731]: ci-info: +--------+------+-----------------------------+---------------+--------+-------------------+
[   15.506160] cloud-init[731]: ci-info: | Device |  Up  |           Address           |      Mask     | Scope  |     Hw-Address    |
[   15.513900] cloud-init[731]: ci-info: +--------+------+-----------------------------+---------------+--------+-------------------+
[   15.519965] cloud-init[731]: ci-info: | enp0s3 | True |          10.0.2.15          | 255.255.255.0 | global | 02:0d:b6:bd:48:b1 |
[   15.523325] cloud-init[731]: ci-info: | enp0s3 | True |  fe80::d:b6ff:febd:48b1/64  |       .       |  link  | 02:0d:b6:bd:48:b1 |
[   15.526571] cloud-init[731]: ci-info: | enp0s8 | True |        192.168.56.101       | 255.255.255.0 | global | 08:00:27:77:b9:02 |
[   15.529828] cloud-init[731]: ci-info: | enp0s8 | True | fe80::a00:27ff:fe77:b902/64 |       .       |  link  | 08:00:27:77:b9:02 |
[[   15.576606] cloud-init[731]: ci-info: |   lo   | True |          127.0.0.1          |   255.0.0.0   |  host  |         .         |
[   15.577074] cloud-init[731]: ci-info: |   lo   | True |           ::1/128           |       .       |  host  |         .         |
[   15.577112] cloud-init[731]: ci-info: +--------+------+-----------------------------+---------------+--------+-------------------+
[   15.577143] cloud-init[731]: ci-info: +++++++++++++++++++++++++++++Route IPv4 info+++++++++++++++++++++++++++++
[   15.577172] cloud-init[731]: ci-info: +-------+--------------+----------+-----------------+-----------+-------+
[   15.577201] cloud-init[731]: ci-info: | Route | Destination  | Gateway  |     Genmask     | Interface | Flags |
[   15.577229] cloud-init[731]: ci-info: +-------+--------------+----------+-----------------+-----------+-------+
[   15.577266] cloud-init[731]: ci-info: |   0   |   0.0.0.0    | 10.0.2.2 |     0.0.0.0     |   enp0s3  |   UG  |
[   15.577296] cloud-init[731]: ci-info: |   1   |   10.0.2.0   | 0.0.0.0  |  255.255.255.0  |   enp0s3  |   U   |
[   15.577328] cloud-init[731]: ci-info: |   2   |   10.0.2.2   | 0.0.0.0  | 255.255.255.255 |   enp0s3  |   UH  |
[   15.577358] cloud-init[731]: ci-info: |   3   | 192.168.56.0 | 0.0.0.0  |  255.255.255.0  |   enp0s8  |   U   |
[   15.577392] cloud-init[731]: ci-info: +-------+--------------+----------+-----------------+-----------+-------+
[   15.577421] cloud-init[731]: ci-info: +++++++++++++++++++Route IPv6 info+++++++++++++++++++
[   15.577473] cloud-init[731]: ci-info: +-------+-------------+---------+-----------+-------+
[   15.577507] cloud-init[731]: ci-info: | Route | Destination | Gateway | Interface | Flags |
[   15.577540] cloud-init[731]: ci-info: +-------+-------------+---------+-----------+-------+
[   15.577568] cloud-init[731]: ci-info: |   1   |  fe80::/64  |    ::   |   enp0s8  |   U   |
[   15.577600] cloud-init[731]: ci-info: |   2   |  fe80::/64  |    ::   |   enp0s3  |   U   |
[   15.577629] cloud-init[731]: ci-info: |   4   |    local    |    ::   |   enp0s3  |   U   |
[   15.577660] cloud-init[731]: ci-info: |   5   |    local    |    ::   |   enp0s8  |   U   |
[   15.577691] cloud-init[731]: ci-info: |   6   |   ff00::/8  |    ::   |   enp0s8  |   U   |
[   15.577723] cloud-init[731]: ci-info: |   7   |   ff00::/8  |    ::   |   enp0s3  |   U   |
[   15.577752] cloud-init[731]: ci-info: +-------+-------------+---------+-----------+-------+
[0;32m  OK  [0m] Started Initial cloud-init job (metadata service crawler).
[[0;32m  OK  [0m] Reached target Network is Online.
         Starting iSCSI initiator daemon (iscsid)...
[[0;32m  OK  [0m] Reached target Cloud-config availability.
[[0;32m  OK  [0m] Reached target System Initialization.
[[0;32m  OK  [0m] Started Discard unused blocks once a week.
[[0;32m  OK  [0m] Started Daily apt download activities.
         Starting LXD - unix socket.
[[0;32m  OK  [0m] Started Daily apt upgrade and clean activities.
[[0;32m  OK  [0m] Listening on D-Bus System Message Bus Socket.
[[0;32m  OK  [0m] Started Clean PHP session files every 30 mins.
[[0;32m  OK  [0m] Started ACPI Events Check.
[[0;32m  OK  [0m] Reached target Paths.
[[0;32m  OK  [0m] Started Message of the Day.
[[0;32m  OK  [0m] Started Daily Cleanup of Temporary Directories.
[[0;32m  OK  [0m] Listening on UUID daemon activation socket.
         Starting Socket activation for snappy daemon.
[[0;32m  OK  [0m] Listening on ACPID Listen Socket.
[[0;32m  OK  [0m] Reached target Timers.
[[0;32m  OK  [0m] Listening on LXD - unix socket.
[[0;32m  OK  [0m] Listening on Socket activation for snappy daemon.
[[0;32m  OK  [0m] Reached target Sockets.
[[0;32m  OK  [0m] Reached target Basic System.
[[0;32m  OK  [0m] Started irqbalance daemon.
         Starting Snappy daemon...
         Starting vboxadd.service...
         Starting LXD - container startup/shutdown...
         Starting Login Service...
[[0;32m  OK  [0m] Started Deferred execution scheduler.
[[0;32m  OK  [0m] Started Unattended Upgrades Shutdown.
         Starting LSB: Record successful boot for GRUB...
         Starting System Logging Service...
[[0;32m  OK  [0m] Started FUSE filesystem for LXC.
         Starting Dispatcher daemon for systemd-networkd...
         Starting Apply the settings specified in cloud-config...
         Starting OpenBSD Secure Shell server...
         Starting Accounts Service...
         Starting Clean php session files...
[[0;32m  OK  [0m] Started D-Bus System Message Bus.
[[0;32m  OK  [0m] Started Login Service.
[[0;32m  OK  [0m] Started memcached daemon.
[[0;32m  OK  [0m] Started Regular background program processing daemon.
[[0;32m  OK  [0m] Started Snappy daemon.
[[0;32m  OK  [0m] Started System Logging Service.
[[0;32m  OK  [0m] Started Dispatcher daemon for systemd-networkd.
[[0;32m  OK  [0m] Started iSCSI initiator daemon (iscsid).
[[0;32m  OK  [0m] Started vboxadd.service.
[[0;32m  OK  [0m] Started LXD - container startup/shutdown.
         Starting Authorization Manager...
         Starting vboxadd-service.service...
         Starting Availability of block devices...
[[0;32m  OK  [0m] Reached target Remote File Systems (Pre).
[[0;32m  OK  [0m] Reached target Remote File Systems.
         Starting The Apache HTTP Server...
         Starting LSB: automatic crash report generation...
         Starting Permit User Sessions...
         Starting Wait until snapd is fully seeded...
[[0;32m  OK  [0m] Started OpenBSD Secure Shell server.
[[0;32m  OK  [0m] Started vboxadd-service.service.
[[0;32m  OK  [0m] Started Availability of block devices.
[[0;32m  OK  [0m] Started Permit User Sessions.
[[0;32m  OK  [0m] Started Authorization Manager.
[[0;32m  OK  [0m] Started Accounts Service.
         Starting Hold until boot process finishes up...
         Starting Terminate Plymouth Boot Screen...
[[0;32m  OK  [0m] Started Hold until boot process finishes up.
[[0;32m  OK  [0m] Started LSB: Record successful boot for GRUB.
[[0;32m  OK  [0m] Started LSB: automatic crash report generation.
[[0;32m  OK  [0m] Started Wait until snapd is fully seeded.
[[0;32m  OK  [0m] Started Terminate Plymouth Boot Screen.
         Starting Set console scheme...
[[0;32m  OK  [0m] Started Serial Getty on ttyS0.
[[0;32m  OK  [0m] Started Set console scheme.
[[0;32m  OK  [0m] Created slice system-getty.slice.
[[0;32m  OK  [0m] Started Getty on tty1.
[[0;32m  OK  [0m] Reached target Login Prompts.
[[0;32m  OK  [0m] Started Clean php session files.
[   17.682658] cloud-init[971]: Cloud-init v. 18.2 running 'modules:config' at Tue, 10 Jul 2018 12:50:51 +0000. Up 17.39 seconds.
[[0;32m  OK  [0m] Started The Apache HTTP Server.
[[0;32m  OK  [0m] Reached target Multi-User System.
[[0;32m  OK  [0m] Reached target Graphical Interface.
         Starting Update UTMP about System Runlevel Changes...
[[0;32m  OK  [0m] Started Update UTMP about System Runlevel Changes.
[[0;32m  OK  [0m] Started Apply the settings specified in cloud-config.
         Starting Execute cloud user/final scripts...
[   18.249282] cloud-init[1340]: Cloud-init v. 18.2 running 'modules:final' at Tue, 10 Jul 2018 12:50:52 +0000. Up 18.11 seconds.
[   18.271037] cloud-init[1340]: Cloud-init v. 18.2 finished at Tue, 10 Jul 2018 12:50:52 +0000. Datasource DataSourceNoCloud [seed=/dev/sdb][dsmode=net].  Up 18.24 seconds
[[0;32m  OK  [0m] Started Execute cloud user/final scripts.
[[0;32m  OK  [0m] Reached target Cloud-init target.

Ubuntu 18.04 LTS tev-modern ttyS0

tev-modern login:          Stopping Session 26 of usr         Stopping Serial Getty on ttyS0...
         Stopping NFS status monitor for NFSv2/3 locking....
         Stopping Deferred execution scheduler...
         Stopping D-Bus System Message Bus...
[[0;32m  OK  [0m] Unmounted /var/lib/lxcfs.
[[0;32m  OK  [0m] Stopped irqbalance daemon.
[[0;32m  OK  [0m] Stopped Snappy daemon.
[[0;32m  OK  [0m] Stopped Deferred execution scheduler.
[[0;32m  OK  [0m] Stopped System Logging Service.
[[0;32m  OK  [0m] Stopped Dispatcher daemon for systemd-networkd.
[[0;32m  OK  [0m] Stopped Accounts Service.
[[0;32m  OK  [0m] Stopped memcached daemon.
[[0;32m  OK  [0m] Stopped Regular background program processing daemon.
[[0;32m  OK  [0m] Stopped OpenBSD Secure Shell server.
[[0;32m  OK  [0m] Stopped Authorization Manager.
[[0;32m  OK  [0m] Stopped Serial Getty on ttyS0.
[[0;32m  OK  [0m] Stopped Getty on tty1.
[[0;32m  OK  [0m] Stopped NFS status monitor for NFSv2/3 locking..
[[0;32m  OK  [0m] Stopped D-Bus System Message Bus.
[[0;32m  OK  [0m] Stopped FUSE filesystem for LXC.
[[0;32m  OK  [0m] Unmounted RPC Pipe File System.
[[0;32m  OK  [0m] Stopped Session 23 of user vagrant.
[[0;32m  OK  [0m] Stopped Session 26 of user vagrant.
[[0;32m  OK  [0m] Removed slice system-getty.slice.
[[0;32m  OK  [0m] Removed slice system-serial\x2dgetty.slice.
[[0;32m  OK  [0m] Stopped User Manager for UID 1000.
[[0;32m  OK  [0m] Stopped Availability of block devices.
[[0;32m  OK  [0m] Removed slice User Slice of vagrant.
         Stopping Login Service...
         Stopping Permit User Sessions...
[[0;32m  OK  [0m] Stopped LXD - container startup/shutdown.
[[0;32m  OK  [0m] Stopped Unattended Upgrades Shutdown.
[[0;32m  OK  [0m] Stopped Login Service.
[[0;32m  OK  [0m] Stopped Permit User Sessions.
[[0;32m  OK  [0m] Stopped target User and Group Name Lookups.
[[0;32m  OK  [0m] Stopped LSB: Record successful boot for GRUB.
[[0;32m  OK  [0m] Stopped LSB: automatic crash report generation.
[[0;32m  OK  [0m] Stopped The Apache HTTP Server.
[[0;32m  OK  [0m] Stopped vboxadd-service.service.
         Stopping vboxadd.service...
[[0;32m  OK  [0m] Stopped target Host and Network Name Lookups.
[[0;32m  OK  [0m] Stopped target Remote File Systems.
         Unmounting /var/www/vhosts...
[[0;32m  OK  [0m] Unmounted /vagrant.
[[0;32m  OK  [0m] Stopped vboxadd.service.
[[0;32m  OK  [0m] Stopped MySQL Community Server.
[[0;32m  OK  [0m] Stopped target Basic System.
[[0;32m  OK  [0m] Stopped target Sockets.
[[0;32m  OK  [0m] Closed UUID daemon activation socket.
[[0;32m  OK  [0m] Closed LXD - unix socket.
[[0;32m  OK  [0m] Closed Socket activation for snappy daemon.
[[0;32m  OK  [0m] Closed D-Bus System Message Bus Socket.
[[0;32m  OK  [0m] Closed Syslog Socket.
[[0;32m  OK  [0m] Closed ACPID Listen Socket.
[[0;32m  OK  [0m] Stopped target Paths.
[[0;32m  OK  [0m] Stopped ACPI Events Check.
[[0;32m  OK  [0m] Stopped target System Initialization.
         Stopping Update UTMP about System Boot/Shutdown...
         Stopping Load/Save Random Seed...
[[0;32m  OK  [0m] Stopped target Local Encrypted Volumes.
[[0;32m  OK  [0m] Stopped Dispatch Password Requests to Console Directory Watch.
[[0;32m  OK  [0m] Stopped Forward Password Requests to Wall Directory Watch.
[[0;32m  OK  [0m] Stopped target Slices.
[[0;32m  OK  [0m] Removed slice User and Session Slice.
[[0;32m  OK  [0m] Stopped Load/Save Random Seed.
[[0;32m  OK  [0m] Stopped Update UTMP about System Boot/Shutdown.
[[0;31m*[0;1;31m*[0m[0;31m*   [0m] A stop job is running for /var/www/vhosts (7s / 1min 30s)[K[[0;32m  OK  [0m] Unmounted /var/www/vhosts.
[[0;32m  OK  [0m] Stopped target Remote File Systems (Pre).
[[0;32m  OK  [0m] Stopped target NFS client services.
         Stopping iSCSI initiator daemon (iscsid)...
[[0;32m  OK  [0m] Stopped iSCSI initiator daemon (iscsid).
[[0;32m  OK  [0m] Stopped target Network is Online.
[[0;32m  OK  [0m] Stopped Initial cloud-init job (metadata service crawler).
[[0;32m  OK  [0m] Stopped target Network.
         Stopping Network Name Resolution...
[[0;32m  OK  [0m] Stopped Network Name Resolution.
         Stopping Network Service...
[[0;32m  OK  [0m] Stopped Create Volatile Files and Directories.
[[0;32m  OK  [0m] Stopped target Local File Systems.
         Unmounting /run/user/1000...
[[0;32m  OK  [0m] Stopped Network Service.
[[0;32m  OK  [0m] Unmounted /run/user/1000.
[[0;32m  OK  [0m] Reached target Unmount All Filesystems.
[[0;32m  OK  [0m] Stopped target Swap.
[[0;32m  OK  [0m] Stopped target Local File Systems (Pre).
[[0;32m  OK  [0m] Stopped Create Static Device Nodes in /dev.
         Stopping Monitoring of LVM2 mirrors…ng dmeventd or progress polling...
[[0;32m  OK  [0m] Stopped target Network (Pre).
[[0;32m  OK  [0m] Stopped Initial cloud-init job (pre-networking).
[[0;32m  OK  [0m] Stopped Remount Root and Kernel File Systems.
[[0;32m  OK  [0m] Stopped Apply Kernel Variables.
[[0;32m  OK  [0m] Stopped Load Kernel Modules.
[[0;32m  OK  [0m] Reached target Shutdown.
[[0;32m  OK  [0m] Reached target Final Step.
         Starting Power-Off...
[[0;32m  OK  [0m] Stopped Monitoring of LVM2 mirrors,…sing dmeventd or progress polling.
         Stopping LVM2 metadata daemon...
[[0;32m  OK  [0m] Stopped LVM2 metadata daemon.
[22696.149430] reboot: Power down
